🚀 Creating advanced Tesserax examples...

🌐 Creating force-directed network layout...
🌳 Creating hierarchical tree layout...
🧠 Creating neural network visualization...
🔄 Creating convolution operation visualization...
⚽ Creating physics simulation...
   ✅ Saved: force_network -> force_network.svg
   ✅ Saved: hierarchical_tree -> hierarchical_tree.svg
   ✅ Saved: neural_network -> neural_network.svg
   ✅ Saved: convolution_demo -> convolution_demo.svg
   ✅ Saved: physics_bounce -> physics_bounce.svg
🎉 Advanced examples completed!
=== ADVANCED TESSERAX FEATURES DEMONSTRATED ===
🌐 Force-Directed Layout: Automatic graph positioning using physics
🌳 Hierarchical Layout: Tree structures with automatic ranking
🧠 Neural Networks: Complex multi-layer visualizations
🔄 Matrix Operations: Detailed mathematical operation displays
⚽ Physics Simulation: Gravity, collisions, and material properties
📚 Key Advanced Concepts:
• ForceLayout: Fruchterman-Reingold algorithm for graph layouts
• HierarchicalLayout: DAG visualization with topological sorting
• GridLayout: Matrix-style arrangements with precise alignment
• Physics World: Deterministic simulation with baked animations
• Complex compositions: Nested layouts and procedural generation
