2026/04/03 12:45:03 gogs.io/gogs/internal/database/repositories.go:263 record not found
[0.401ms] [rows:0] SELECT * FROM `repository` WHERE owner_id = 2 AND lower_name = "story-380284e4-0435-4d3a-81aa-5901068ea39e" ORDER BY `repository`.`id` LIMIT 1
2026/04/03 12:45:04 gogs.io/gogs/internal/database/repositories.go:263 record not found
[0.216ms] [rows:0] SELECT * FROM `repository` WHERE owner_id = 2 AND lower_name = "story-c10d740e-7c0a-45ba-9cca-a38d7aad2fce" ORDER BY `repository`.`id` LIMIT 1
2026/04/03 12:45:07 gogs.io/gogs/internal/database/repositories.go:263 record not found
[0.170ms] [rows:0] SELECT * FROM `repository` WHERE owner_id = 2 AND lower_name = "agent-9ac5f606-37aa-48b8-a724-f927b6637149" ORDER BY `repository`.`id` LIMIT 1
2026/04/03 12:45:07 gogs.io/gogs/internal/database/repositories.go:263 record not found
[0.141ms] [rows:0] SELECT * FROM `repository` WHERE owner_id = 2 AND lower_name = "agent-eb5bdfa9-dff6-485b-b9a3-5f07955ad904" ORDER BY `repository`.`id` LIMIT 1
2026/04/03 12:45:08 gogs.io/gogs/internal/database/repositories.go:263 record not found
[0.109ms] [rows:0] SELECT * FROM `repository` WHERE owner_id = 2 AND lower_name = "agent-e6fe45cf-6a36-4b63-86e5-751fcab10f5b" ORDER BY `repository`.`id` LIMIT 1
2026/04/03 12:45:13 gogs.io/gogs/internal/database/repositories.go:263 record not found
[0.125ms] [rows:0] SELECT * FROM `repository` WHERE owner_id = 2 AND lower_name = "story-aa4cdd93-c15d-4e13-9105-0c22fd8479ec" ORDER BY `repository`.`id` LIMIT 1
2026/04/03 12:45:14 gogs.io/gogs/internal/database/repositories.go:263 record not found
[0.096ms] [rows:0] SELECT * FROM `repository` WHERE owner_id = 2 AND lower_name = "story-0e1c05d5-c52e-42c4-b08f-2dd2f4f26ae7" ORDER BY `repository`.`id` LIMIT 1
2026/04/03 12:45:14 gogs.io/gogs/internal/database/repositories.go:263 record not found
[0.119ms] [rows:0] SELECT * FROM `repository` WHERE owner_id = 2 AND lower_name = "persona-a0b91145-2ffa-441d-bdca-f0efbabb41b2" ORDER BY `repository`.`id` LIMIT 1
2026/04/03 12:45:16 gogs.io/gogs/internal/database/repositories.go:263 record not found
[0.106ms] [rows:0] SELECT * FROM `repository` WHERE owner_id = 2 AND lower_name = "persona-7ac831ff-eb7f-41aa-9b5b-0caf0fcb9094" ORDER BY `repository`.`id` LIMIT 1
2026/04/03 12:45:16 gogs.io/gogs/internal/database/repositories.go:263 record not found
[0.096ms] [rows:0] SELECT * FROM `repository` WHERE owner_id = 2 AND lower_name = "persona-40e38681-639b-41b0-9135-bfb026e75304" ORDER BY `repository`.`id` LIMIT 1
2026/04/03 12:45:34 gogs.io/gogs/internal/database/repositories.go:263 record not found
[0.130ms] [rows:0] SELECT * FROM `repository` WHERE owner_id = 4 AND lower_name = "platform-repo-473406ca" ORDER BY `repository`.`id` LIMIT 1
2026/04/03 12:45:34 gogs.io/gogs/internal/database/repositories.go:263 record not found
[0.094ms] [rows:0] SELECT * FROM `repository` WHERE owner_id = 4 AND lower_name = "async-test-repo-a7a2a6c8" ORDER BY `repository`.`id` LIMIT 1
2026/04/03 12:45:34 gogs.io/gogs/internal/database/repositories.go:263 record not found
[0.116ms] [rows:0] SELECT * FROM `repository` WHERE owner_id = 4 AND lower_name = "some-repo-d41a406f" ORDER BY `repository`.`id` LIMIT 1
2026/04/03 12:45:34 gogs.io/gogs/internal/database/repositories.go:263 record not found
[0.194ms] [rows:0] SELECT * FROM `repository` WHERE owner_id = 4 AND lower_name = "list-test-356c3eb5" ORDER BY `repository`.`id` LIMIT 1
2026/04/03 12:46:05 gogs.io/gogs/internal/database/repositories.go:263 record not found
[0.150ms] [rows:0] SELECT * FROM `repository` WHERE owner_id = 4 AND lower_name = "list-test-356c3eb5" ORDER BY `repository`.`id` LIMIT 1
2026/04/03 12:46:05 gogs.io/gogs/internal/database/repositories.go:263 record not found
[0.107ms] [rows:0] SELECT * FROM `repository` WHERE owner_id = 4 AND lower_name = "platform-repo-473406ca" ORDER BY `repository`.`id` LIMIT 1
2026/04/03 12:46:05 gogs.io/gogs/internal/database/repositories.go:263 record not found
[0.095ms] [rows:0] SELECT * FROM `repository` WHERE owner_id = 4 AND lower_name = "async-test-repo-a7a2a6c8" ORDER BY `repository`.`id` LIMIT 1
2026/04/03 12:46:15 gogs.io/gogs/internal/database/repositories.go:263 record not found
[0.091ms] [rows:0] SELECT * FROM `repository` WHERE owner_id = 4 AND lower_name = "some-repo-d41a406f" ORDER BY `repository`.`id` LIMIT 1
2026/04/03 12:47:46 gogs.io/gogs/internal/database/repositories.go:263 record not found
[0.128ms] [rows:0] SELECT * FROM `repository` WHERE owner_id = 4 AND lower_name = "list-test-356c3eb5" ORDER BY `repository`.`id` LIMIT 1
2026/04/03 12:47:56 gogs.io/gogs/internal/database/repositories.go:263 record not found
[0.085ms] [rows:0] SELECT * FROM `repository` WHERE owner_id = 4 AND lower_name = "platform-repo-473406ca" ORDER BY `repository`.`id` LIMIT 1
2026/04/03 12:48:07 gogs.io/gogs/internal/database/repositories.go:263 record not found
[0.122ms] [rows:0] SELECT * FROM `repository` WHERE owner_id = 4 AND lower_name = "async-test-repo-a7a2a6c8" ORDER BY `repository`.`id` LIMIT 1
2026/04/03 12:48:37 gogs.io/gogs/internal/database/repositories.go:263 record not found
[0.230ms] [rows:0] SELECT * FROM `repository` WHERE owner_id = 4 AND lower_name = "some-repo-d41a406f" ORDER BY `repository`.`id` LIMIT 1
2026/04/03 12:53:08 gogs.io/gogs/internal/database/repositories.go:263 record not found
[0.120ms] [rows:0] SELECT * FROM `repository` WHERE owner_id = 4 AND lower_name = "some-repo-d41a406f" ORDER BY `repository`.`id` LIMIT 1
2026/04/03 12:53:19 gogs.io/gogs/internal/database/repositories.go:263 record not found
[0.109ms] [rows:0] SELECT * FROM `repository` WHERE owner_id = 4 AND lower_name = "async-test-repo-a7a2a6c8" ORDER BY `repository`.`id` LIMIT 1
2026/04/03 12:53:29 gogs.io/gogs/internal/database/repositories.go:263 record not found
[0.111ms] [rows:0] SELECT * FROM `repository` WHERE owner_id = 4 AND lower_name = "platform-repo-473406ca" ORDER BY `repository`.`id` LIMIT 1
2026/04/03 12:53:39 gogs.io/gogs/internal/database/repositories.go:263 record not found
[0.102ms] [rows:0] SELECT * FROM `repository` WHERE owner_id = 4 AND lower_name = "list-test-356c3eb5" ORDER BY `repository`.`id` LIMIT 1
2026/04/03 13:06:03 gogs.io/gogs/internal/database/repositories.go:263 record not found
[0.130ms] [rows:0] SELECT * FROM `repository` WHERE owner_id = 4 AND lower_name = "list-test-356c3eb5" ORDER BY `repository`.`id` LIMIT 1
2026/04/03 13:06:23 gogs.io/gogs/internal/database/repositories.go:263 record not found
[0.114ms] [rows:0] SELECT * FROM `repository` WHERE owner_id = 4 AND lower_name = "async-test-repo-a7a2a6c8" ORDER BY `repository`.`id` LIMIT 1
2026/04/03 13:07:13 gogs.io/gogs/internal/database/repositories.go:263 record not found
[0.108ms] [rows:0] SELECT * FROM `repository` WHERE owner_id = 4 AND lower_name = "some-repo-d41a406f" ORDER BY `repository`.`id` LIMIT 1
2026/04/03 13:09:24 gogs.io/gogs/internal/database/repositories.go:263 record not found
[0.121ms] [rows:0] SELECT * FROM `repository` WHERE owner_id = 4 AND lower_name = "platform-repo-473406ca" ORDER BY `repository`.`id` LIMIT 1
